Using pre-set license
Built from '2021.3/staging' branch; Version is '2021.3.8f1 (b30333d56e81) revision 11731763'; Using compiler version '192829333'; Build Type 'Release'
OS: 'Windows 10  (10.0.19044) 64bit Education' Language: 'en' Physical Memory: 16300 MB
BatchMode: 1, IsHumanControllingUs: 0, StartBugReporterOnCrash: 0, Is64bit: 1, IsPro: 1

COMMAND LINE ARGUMENTS:
C:\Program Files\Unity\2021.3.8f1\Editor\Unity.exe
-adb2
-batchMode
-noUpm
-name
AssetImportWorker0
-projectPath
C:/Users/Ricardo/Desktop/Spiritbane/Spirit Bane
-logFile
Logs/AssetImportWorker0.log
-srvPort
55124
Successfully changed project path to: C:/Users/Ricardo/Desktop/Spiritbane/Spirit Bane
C:/Users/Ricardo/Desktop/Spiritbane/Spirit Bane
[UnityMemory] Configuration Parameters - Can be set up in boot.config
    "memorysetup-bucket-allocator-granularity=16"
    "memorysetup-bucket-allocator-bucket-count=8"
    "memorysetup-bucket-allocator-block-size=33554432"
    "memorysetup-bucket-allocator-block-count=8"
    "memorysetup-main-allocator-block-size=16777216"
    "memorysetup-thread-allocator-block-size=16777216"
    "memorysetup-gfx-main-allocator-block-size=16777216"
    "memorysetup-gfx-thread-allocator-block-size=16777216"
    "memorysetup-cache-allocator-block-size=4194304"
    "memorysetup-typetree-allocator-block-size=2097152"
    "memorysetup-profiler-bucket-allocator-granularity=16"
    "memorysetup-profiler-bucket-allocator-bucket-count=8"
    "memorysetup-profiler-bucket-allocator-block-size=33554432"
    "memorysetup-profiler-bucket-allocator-block-count=8"
    "memorysetup-profiler-allocator-block-size=16777216"
    "memorysetup-profiler-editor-allocator-block-size=1048576"
    "memorysetup-temp-allocator-size-main=16777216"
    "memorysetup-job-temp-allocator-block-size=2097152"
    "memorysetup-job-temp-allocator-block-size-background=1048576"
    "memorysetup-job-temp-allocator-reduction-small-platforms=262144"
    "memorysetup-temp-allocator-size-background-worker=32768"
    "memorysetup-temp-allocator-size-job-worker=262144"
    "memorysetup-temp-allocator-size-preload-manager=33554432"
    "memorysetup-temp-allocator-size-nav-mesh-worker=65536"
    "memorysetup-temp-allocator-size-audio-worker=65536"
    "memorysetup-temp-allocator-size-cloud-worker=32768"
    "memorysetup-temp-allocator-size-gi-baking-worker=262144"
    "memorysetup-temp-allocator-size-gfx=262144"
Refreshing native plugins compatible for Editor in 138.44 ms, found 9 plugins.
Preloading 0 native plugins for Editor in 0.00 ms.
Initialize engine version: 2021.3.8f1 (b30333d56e81)
[Subsystems] Discovering subsystems at path C:/Program Files/Unity/2021.3.8f1/Editor/Data/Resources/UnitySubsystems
[Subsystems] Discovering subsystems at path C:/Users/Ricardo/Desktop/Spiritbane/Spirit Bane/Assets
GfxDevice: creating device client; threaded=0; jobified=0
Direct3D:
    Version:  Direct3D 11.0 [level 11.1]
    Renderer: NVIDIA GeForce GTX 980 (ID=0x13c0)
    Vendor:   NVIDIA
    VRAM:     4053 MB
    Driver:   31.0.15.2225
Initialize mono
Mono path[0] = 'C:/Program Files/Unity/2021.3.8f1/Editor/Data/Managed'
Mono path[1] = 'C:/Program Files/Unity/2021.3.8f1/Editor/Data/MonoBleedingEdge/lib/mono/unityjit-win32'
Mono config path = 'C:/Program Files/Unity/2021.3.8f1/Editor/Data/MonoBleedingEdge/etc'
Using monoOptions --debugger-agent=transport=dt_socket,embedding=1,server=y,suspend=n,address=127.0.0.1:56228
Begin MonoManager ReloadAssembly
Registering precompiled unity dll's ...
Register platform support module: C:/Program Files/Unity/2021.3.8f1/Editor/Data/PlaybackEngines/WebGLSupport/UnityEditor.WebGL.Extensions.dll
Register platform support module: C:/Program Files/Unity/2021.3.8f1/Editor/Data/PlaybackEngines/MacStandaloneSupport/UnityEditor.OSXStandalone.Extensions.dll
Register platform support module: C:/Program Files/Unity/2021.3.8f1/Editor/Data/PlaybackEngines/AndroidPlayer/UnityEditor.Android.Extensions.dll
Register platform support module: C:/Program Files/Unity/2021.3.8f1/Editor/Data/PlaybackEngines/iOSSupport/UnityEditor.iOS.Extensions.dll
Register platform support module: C:/Program Files/Unity/2021.3.8f1/Editor/Data/PlaybackEngines/AppleTVSupport/UnityEditor.AppleTV.Extensions.dll
Register platform support module: C:/Program Files/Unity/2021.3.8f1/Editor/Data/PlaybackEngines/WindowsStandaloneSupport/UnityEditor.WindowsStandalone.Extensions.dll
Register platform support module: C:/Program Files/Unity/2021.3.8f1/Editor/Data/PlaybackEngines/LinuxStandaloneSupport/UnityEditor.LinuxStandalone.Extensions.dll
Register platform support module: C:/Program Files/Unity/2021.3.8f1/Editor/Data/PlaybackEngines/MetroSupport/UnityEditor.UWP.Extensions.dll
Registered in 0.011301 seconds.
Native extension for UWP target not found
Native extension for LinuxStandalone target not found
Native extension for WindowsStandalone target not found
Native extension for AppleTV target not found
Native extension for iOS target not found
Native extension for Android target not found
Native extension for OSXStandalone target not found
Native extension for WebGL target not found
Refreshing native plugins compatible for Editor in 135.10 ms, found 9 plugins.
Preloading 0 native plugins for Editor in 0.00 ms.
Mono: successfully reloaded assembly
- Completed reload, in  0.704 seconds
Domain Reload Profiling:
	ReloadAssembly (705ms)
		BeginReloadAssembly (67ms)
			ExecutionOrderSort (0ms)
			DisableScriptedObjects (0ms)
			BackupInstance (0ms)
			ReleaseScriptingObjects (0ms)
			CreateAndSetChildDomain (1ms)
		EndReloadAssembly (525ms)
			LoadAssemblies (67ms)
			RebuildTransferFunctionScriptingTraits (0ms)
			SetupTypeCache (109ms)
			ReleaseScriptCaches (0ms)
			RebuildScriptCaches (24ms)
			SetupLoadedEditorAssemblies (338ms)
				LogAssemblyErrors (0ms)
				InitializePlatformSupportModulesInManaged (73ms)
				SetLoadedEditorAssemblies (0ms)
				RefreshPlugins (135ms)
				BeforeProcessingInitializeOnLoad (1ms)
				ProcessInitializeOnLoadAttributes (89ms)
				ProcessInitializeOnLoadMethodAttributes (40ms)
				AfterProcessingInitializeOnLoad (0ms)
				EditorAssembliesLoaded (0ms)
			ExecutionOrderSort2 (0ms)
			AwakeInstancesAfterBackupRestoration (0ms)
Platform modules already initialized, skipping
Registering precompiled user dll's ...
Registered in 0.010339 seconds.
Begin MonoManager ReloadAssembly
Native extension for UWP target not found
Native extension for LinuxStandalone target not found
Native extension for WindowsStandalone target not found
Native extension for AppleTV target not found
Native extension for iOS target not found
Native extension for Android target not found
Native extension for OSXStandalone target not found
Native extension for WebGL target not found
Refreshing native plugins compatible for Editor in 139.98 ms, found 9 plugins.
Preloading 0 native plugins for Editor in 0.00 ms.
Mono: successfully reloaded assembly
- Completed reload, in  1.649 seconds
Domain Reload Profiling:
	ReloadAssembly (1650ms)
		BeginReloadAssembly (204ms)
			ExecutionOrderSort (0ms)
			DisableScriptedObjects (5ms)
			BackupInstance (0ms)
			ReleaseScriptingObjects (0ms)
			CreateAndSetChildDomain (119ms)
		EndReloadAssembly (1326ms)
			LoadAssemblies (92ms)
			RebuildTransferFunctionScriptingTraits (0ms)
			SetupTypeCache (305ms)
			ReleaseScriptCaches (1ms)
			RebuildScriptCaches (91ms)
			SetupLoadedEditorAssemblies (747ms)
				LogAssemblyErrors (0ms)
				InitializePlatformSupportModulesInManaged (29ms)
				SetLoadedEditorAssemblies (0ms)
				RefreshPlugins (140ms)
				BeforeProcessingInitializeOnLoad (149ms)
				ProcessInitializeOnLoadAttributes (342ms)
				ProcessInitializeOnLoadMethodAttributes (79ms)
				AfterProcessingInitializeOnLoad (7ms)
				EditorAssembliesLoaded (0ms)
			ExecutionOrderSort2 (0ms)
			AwakeInstancesAfterBackupRestoration (6ms)
Platform modules already initialized, skipping
========================================================================
Worker process is ready to serve import requests
Launched and connected shader compiler UnityShaderCompiler.exe after 0.05 seconds
Refreshing native plugins compatible for Editor in 2.05 ms, found 9 plugins.
Preloading 0 native plugins for Editor in 0.00 ms.
Unloading 6821 Unused Serialized files (Serialized files now loaded: 0)
Unloading 111 unused Assets / (3.9 MB). Loaded Objects now: 7253.
Memory consumption went from 281.6 MB to 277.7 MB.
Total: 5.185900 ms (FindLiveObjects: 0.593100 ms CreateObjectMapping: 0.190400 ms MarkObjects: 3.386200 ms  DeleteObjects: 1.015200 ms)

AssetImportParameters requested are different than current active one (requested -> active):
  custom:video-decoder-ogg-theora: a1e56fd34408186e4bbccfd4996cb3dc -> 
  custom:container-muxer-webm: aa71ff27fc2769a1b78a27578f13a17b -> 
  custom:container-demuxer-webm: 4f35f7cbe854078d1ac9338744f61a02 -> 
  custom:video-encoder-webm-vp8: eb34c28f22e8b96e1ab97ce403110664 -> 
  custom:audio-encoder-webm-vorbis: bf7c407c2cedff20999df2af8eb42d56 -> 
  custom:framework-win-MediaFoundation: 216162199b28c13a410421893ffa2e32 -> 
  custom:container-demuxer-ogg: 62fdf1f143b41e24485cea50d1cbac27 -> 
  custom:video-decoder-webm-vp8: 9c59270c3fd7afecdb556c50c9e8de78 -> 
  custom:audio-decoder-ogg-vorbis: bf7c407c2cedff20999df2af8eb42d56 -> 
========================================================================
Received Import Request.
  Time since last request: 3925.608255 seconds.
  path: Assets/11_Textures/Water_N.jpg
  artifactKey: Guid(689dda44930f68c41a41a843db799cc3) Importer(815301076,1909f56bfc062723c751e8b465ee728b)
Start importing Assets/11_Textures/Water_N.jpg using Guid(689dda44930f68c41a41a843db799cc3) Importer(815301076,1909f56bfc062723c751e8b465ee728b)  -> (artifact id: '09c3cdecae9d3fbe63ab96fc5e380b16') in 0.120447 seconds 
========================================================================
Received Import Request.
  Time since last request: 0.000020 seconds.
  path: Assets/10_Models/Bush.fbx
  artifactKey: Guid(b4e2dfb867236984f92fd6d4a24b3e92) Importer(815301076,1909f56bfc062723c751e8b465ee728b)
Start importing Assets/10_Models/Bush.fbx using Guid(b4e2dfb867236984f92fd6d4a24b3e92) Importer(815301076,1909f56bfc062723c751e8b465ee728b)  -> (artifact id: 'e292cdfbe2c0621d50fe2858634d6149') in 0.260534 seconds 
========================================================================
Received Import Request.
  Time since last request: 1550.839492 seconds.
  path: Assets/11_Textures/Terrain Alphas/TABrush_03.brush
  artifactKey: Guid(2095eeb7a289b6042a48e09756723afe) Importer(815301076,1909f56bfc062723c751e8b465ee728b)
Start importing Assets/11_Textures/Terrain Alphas/TABrush_03.brush using Guid(2095eeb7a289b6042a48e09756723afe) Importer(815301076,1909f56bfc062723c751e8b465ee728b)  -> (artifact id: '1b916b28416a08ac1ce87b12c07bfece') in 0.024759 seconds 
========================================================================
Received Import Request.
  Time since last request: 408.798886 seconds.
  path: Assets/11_Textures/Terrain Alphas/TABrush_02.brush
  artifactKey: Guid(3ac96bd3da902974a860dfad65940143) Importer(815301076,1909f56bfc062723c751e8b465ee728b)
Start importing Assets/11_Textures/Terrain Alphas/TABrush_02.brush using Guid(3ac96bd3da902974a860dfad65940143) Importer(815301076,1909f56bfc062723c751e8b465ee728b)  -> (artifact id: '9d01c5cecf022c05e98ccfcbbea67ee0') in 0.013682 seconds 
========================================================================
Received Import Request.
  Time since last request: 6618.788977 seconds.
  path: Assets/10_Models/Whitebox
  artifactKey: Guid(a9abdd7a9a061224e9571954893737ba) Importer(815301076,1909f56bfc062723c751e8b465ee728b)
Start importing Assets/10_Models/Whitebox using Guid(a9abdd7a9a061224e9571954893737ba) Importer(815301076,1909f56bfc062723c751e8b465ee728b)  -> (artifact id: 'a34384eb2d419f5235249e69442c1ff1') in 0.009278 seconds 
========================================================================
Received Import Request.
  Time since last request: 0.008158 seconds.
  path: Assets/10_Models/Whitebox/Brazier.fbx
  artifactKey: Guid(bdf5b6f5d33a0a44b8815bd792868e4b) Importer(815301076,1909f56bfc062723c751e8b465ee728b)
Start importing Assets/10_Models/Whitebox/Brazier.fbx using Guid(bdf5b6f5d33a0a44b8815bd792868e4b) Importer(815301076,1909f56bfc062723c751e8b465ee728b)  -> (artifact id: 'ab99c302f047ddae75005519141f37d4') in 0.109691 seconds 
========================================================================
Received Import Request.
  Time since last request: 0.000034 seconds.
  path: Assets/10_Models/Whitebox/Hut.fbx
  artifactKey: Guid(d7ace54f82fdfcb49b9696fa2cd5425b) Importer(815301076,1909f56bfc062723c751e8b465ee728b)
Start importing Assets/10_Models/Whitebox/Hut.fbx using Guid(d7ace54f82fdfcb49b9696fa2cd5425b) Importer(815301076,1909f56bfc062723c751e8b465ee728b)  -> (artifact id: 'd2c8cc2097c0240c2fe0c94cc254cb8a') in 0.094241 seconds 
========================================================================
Received Import Request.
  Time since last request: 0.000035 seconds.
  path: Assets/10_Models/Whitebox/Shack.fbx
  artifactKey: Guid(f06d1095cd08b434d81fb96f763cd436) Importer(815301076,1909f56bfc062723c751e8b465ee728b)
Start importing Assets/10_Models/Whitebox/Shack.fbx using Guid(f06d1095cd08b434d81fb96f763cd436) Importer(815301076,1909f56bfc062723c751e8b465ee728b)  -> (artifact id: 'fb9730861f1f2bdffb1f6ad0691b6b7f') in 0.218344 seconds 
========================================================================
Received Import Request.
  Time since last request: 0.000031 seconds.
  path: Assets/10_Models/Whitebox/TotemPole.fbx
  artifactKey: Guid(92d8019f6394d9e4f8583269ceaef64d) Importer(815301076,1909f56bfc062723c751e8b465ee728b)
Start importing Assets/10_Models/Whitebox/TotemPole.fbx using Guid(92d8019f6394d9e4f8583269ceaef64d) Importer(815301076,1909f56bfc062723c751e8b465ee728b)  -> (artifact id: '516d65321065f416dbcd2aed129ab6f0') in 0.025566 seconds 
========================================================================
Received Import Request.
  Time since last request: 0.000025 seconds.
  path: Assets/10_Models/Whitebox/Grass.fbx
  artifactKey: Guid(c70e6ba73861c0f42bcf7546766a88bc) Importer(815301076,1909f56bfc062723c751e8b465ee728b)
Start importing Assets/10_Models/Whitebox/Grass.fbx using Guid(c70e6ba73861c0f42bcf7546766a88bc) Importer(815301076,1909f56bfc062723c751e8b465ee728b)  -> (artifact id: '56956b1638801a6982146ace5a8245d0') in 0.533954 seconds 
========================================================================
Received Import Request.
  Time since last request: 0.000060 seconds.
  path: Assets/10_Models/Whitebox/Test.fbx
  artifactKey: Guid(b2d83c7179f25b34f9ba98cce092213b) Importer(815301076,1909f56bfc062723c751e8b465ee728b)
Start importing Assets/10_Models/Whitebox/Test.fbx using Guid(b2d83c7179f25b34f9ba98cce092213b) Importer(815301076,1909f56bfc062723c751e8b465ee728b)  -> (artifact id: '832220153895d5e60010d6bce6884b42') in 0.051845 seconds 
========================================================================
Received Import Request.
  Time since last request: 0.000033 seconds.
  path: Assets/10_Models/Whitebox/Tree.fbx
  artifactKey: Guid(ed8ad1ecf46f65a46a1f92946b526f38) Importer(815301076,1909f56bfc062723c751e8b465ee728b)
Start importing Assets/10_Models/Whitebox/Tree.fbx using Guid(ed8ad1ecf46f65a46a1f92946b526f38) Importer(815301076,1909f56bfc062723c751e8b465ee728b)  -> (artifact id: '1323638e66ce915e9edee8ac4ce507c9') in 0.053371 seconds 
========================================================================
Received Import Request.
  Time since last request: 0.000032 seconds.
  path: Assets/10_Models/Whitebox/Shack2.fbx
  artifactKey: Guid(7100c4f0f0de1294892919158bedf32a) Importer(815301076,1909f56bfc062723c751e8b465ee728b)
Start importing Assets/10_Models/Whitebox/Shack2.fbx using Guid(7100c4f0f0de1294892919158bedf32a) Importer(815301076,1909f56bfc062723c751e8b465ee728b)  -> (artifact id: 'ecb4fbc8a249fa85421e540f1dbc74c6') in 0.196760 seconds 
========================================================================
Received Import Request.
  Time since last request: 1356.968194 seconds.
  path: Assets/10_Models/Whitebox/TrainingDummy.fbx
  artifactKey: Guid(e52776499eea89d4d8e95c4465dc440e) Importer(815301076,1909f56bfc062723c751e8b465ee728b)
Start importing Assets/10_Models/Whitebox/TrainingDummy.fbx using Guid(e52776499eea89d4d8e95c4465dc440e) Importer(815301076,1909f56bfc062723c751e8b465ee728b)  -> (artifact id: '20ac21e645ee883b4aeb751370fa21a1') in 0.091785 seconds 
