Using pre-set license
Built from '2021.3/staging' branch; Version is '2021.3.8f1 (b30333d56e81) revision 11731763'; Using compiler version '192829333'; Build Type 'Release'
OS: 'Windows 10  (10.0.19044) 64bit Enterprise' Language: 'en' Physical Memory: 16217 MB
BatchMode: 1, IsHumanControllingUs: 0, StartBugReporterOnCrash: 0, Is64bit: 1, IsPro: 1

COMMAND LINE ARGUMENTS:
C:\Program Files\Unity\Hub\Editor\2021.3.8f1\Editor\Unity.exe
-adb2
-batchMode
-noUpm
-name
AssetImportWorker1
-projectPath
C:/Users/rmohammed9/Documents/GitHub/Spiritbane/Spirit Bane
-logFile
Logs/AssetImportWorker1.log
-srvPort
57395
Successfully changed project path to: C:/Users/rmohammed9/Documents/GitHub/Spiritbane/Spirit Bane
C:/Users/rmohammed9/Documents/GitHub/Spiritbane/Spirit Bane
[UnityMemory] Configuration Parameters - Can be set up in boot.config
    "memorysetup-bucket-allocator-granularity=16"
    "memorysetup-bucket-allocator-bucket-count=8"
    "memorysetup-bucket-allocator-block-size=33554432"
    "memorysetup-bucket-allocator-block-count=8"
    "memorysetup-main-allocator-block-size=16777216"
    "memorysetup-thread-allocator-block-size=16777216"
    "memorysetup-gfx-main-allocator-block-size=16777216"
    "memorysetup-gfx-thread-allocator-block-size=16777216"
    "memorysetup-cache-allocator-block-size=4194304"
    "memorysetup-typetree-allocator-block-size=2097152"
    "memorysetup-profiler-bucket-allocator-granularity=16"
    "memorysetup-profiler-bucket-allocator-bucket-count=8"
    "memorysetup-profiler-bucket-allocator-block-size=33554432"
    "memorysetup-profiler-bucket-allocator-block-count=8"
    "memorysetup-profiler-allocator-block-size=16777216"
    "memorysetup-profiler-editor-allocator-block-size=1048576"
    "memorysetup-temp-allocator-size-main=16777216"
    "memorysetup-job-temp-allocator-block-size=2097152"
    "memorysetup-job-temp-allocator-block-size-background=1048576"
    "memorysetup-job-temp-allocator-reduction-small-platforms=262144"
    "memorysetup-temp-allocator-size-background-worker=32768"
    "memorysetup-temp-allocator-size-job-worker=262144"
    "memorysetup-temp-allocator-size-preload-manager=33554432"
    "memorysetup-temp-allocator-size-nav-mesh-worker=65536"
    "memorysetup-temp-allocator-size-audio-worker=65536"
    "memorysetup-temp-allocator-size-cloud-worker=32768"
    "memorysetup-temp-allocator-size-gi-baking-worker=262144"
    "memorysetup-temp-allocator-size-gfx=262144"
Refreshing native plugins compatible for Editor in 162.15 ms, found 9 plugins.
Preloading 0 native plugins for Editor in 0.00 ms.
Initialize engine version: 2021.3.8f1 (b30333d56e81)
[Subsystems] Discovering subsystems at path C:/Program Files/Unity/Hub/Editor/2021.3.8f1/Editor/Data/Resources/UnitySubsystems
[Subsystems] Discovering subsystems at path C:/Users/rmohammed9/Documents/GitHub/Spiritbane/Spirit Bane/Assets
GfxDevice: creating device client; threaded=0; jobified=0
Direct3D:
    Version:  Direct3D 11.0 [level 11.1]
    Renderer: NVIDIA Quadro RTX 4000 (ID=0x1eb1)
    Vendor:   NVIDIA
    VRAM:     8018 MB
    Driver:   30.0.14.7347
Initialize mono
Mono path[0] = 'C:/Program Files/Unity/Hub/Editor/2021.3.8f1/Editor/Data/Managed'
Mono path[1] = 'C:/Program Files/Unity/Hub/Editor/2021.3.8f1/Editor/Data/MonoBleedingEdge/lib/mono/unityjit-win32'
Mono config path = 'C:/Program Files/Unity/Hub/Editor/2021.3.8f1/Editor/Data/MonoBleedingEdge/etc'
Using monoOptions --debugger-agent=transport=dt_socket,embedding=1,server=y,suspend=n,address=127.0.0.1:56688
Begin MonoManager ReloadAssembly
Registering precompiled unity dll's ...
Register platform support module: C:/Program Files/Unity/Hub/Editor/2021.3.8f1/Editor/Data/PlaybackEngines/AndroidPlayer/UnityEditor.Android.Extensions.dll
Register platform support module: C:/Program Files/Unity/Hub/Editor/2021.3.8f1/Editor/Data/PlaybackEngines/iOSSupport/UnityEditor.iOS.Extensions.dll
Register platform support module: C:/Program Files/Unity/Hub/Editor/2021.3.8f1/Editor/Data/PlaybackEngines/WindowsStandaloneSupport/UnityEditor.WindowsStandalone.Extensions.dll
Registered in 0.014334 seconds.
Native extension for WindowsStandalone target not found
Native extension for iOS target not found
Native extension for Android target not found
Refreshing native plugins compatible for Editor in 128.69 ms, found 9 plugins.
Preloading 0 native plugins for Editor in 0.00 ms.
Mono: successfully reloaded assembly
- Completed reload, in  0.824 seconds
Domain Reload Profiling:
	ReloadAssembly (825ms)
		BeginReloadAssembly (139ms)
			ExecutionOrderSort (0ms)
			DisableScriptedObjects (0ms)
			BackupInstance (0ms)
			ReleaseScriptingObjects (0ms)
			CreateAndSetChildDomain (1ms)
		EndReloadAssembly (560ms)
			LoadAssemblies (140ms)
			RebuildTransferFunctionScriptingTraits (0ms)
			SetupTypeCache (134ms)
			ReleaseScriptCaches (0ms)
			RebuildScriptCaches (28ms)
			SetupLoadedEditorAssemblies (336ms)
				LogAssemblyErrors (0ms)
				InitializePlatformSupportModulesInManaged (69ms)
				SetLoadedEditorAssemblies (0ms)
				RefreshPlugins (129ms)
				BeforeProcessingInitializeOnLoad (1ms)
				ProcessInitializeOnLoadAttributes (89ms)
				ProcessInitializeOnLoadMethodAttributes (48ms)
				AfterProcessingInitializeOnLoad (0ms)
				EditorAssembliesLoaded (0ms)
			ExecutionOrderSort2 (0ms)
			AwakeInstancesAfterBackupRestoration (0ms)
Platform modules already initialized, skipping
Registering precompiled user dll's ...
Registered in 0.032698 seconds.
Begin MonoManager ReloadAssembly
Android Extension - Scanning For ADB Devices 5690 ms
Native extension for WindowsStandalone target not found
Native extension for iOS target not found
Native extension for Android target not found
Refreshing native plugins compatible for Editor in 144.83 ms, found 9 plugins.
Preloading 0 native plugins for Editor in 0.00 ms.
Mono: successfully reloaded assembly
- Completed reload, in  2.177 seconds
Domain Reload Profiling:
	ReloadAssembly (2179ms)
		BeginReloadAssembly (202ms)
			ExecutionOrderSort (0ms)
			DisableScriptedObjects (8ms)
			BackupInstance (0ms)
			ReleaseScriptingObjects (0ms)
			CreateAndSetChildDomain (29ms)
		EndReloadAssembly (1831ms)
			LoadAssemblies (267ms)
			RebuildTransferFunctionScriptingTraits (0ms)
			SetupTypeCache (360ms)
			ReleaseScriptCaches (1ms)
			RebuildScriptCaches (111ms)
			SetupLoadedEditorAssemblies (980ms)
				LogAssemblyErrors (0ms)
				InitializePlatformSupportModulesInManaged (29ms)
				SetLoadedEditorAssemblies (0ms)
				RefreshPlugins (145ms)
				BeforeProcessingInitializeOnLoad (174ms)
				ProcessInitializeOnLoadAttributes (517ms)
				ProcessInitializeOnLoadMethodAttributes (103ms)
				AfterProcessingInitializeOnLoad (11ms)
				EditorAssembliesLoaded (0ms)
			ExecutionOrderSort2 (0ms)
			AwakeInstancesAfterBackupRestoration (10ms)
Platform modules already initialized, skipping
========================================================================
Worker process is ready to serve import requests
Launched and connected shader compiler UnityShaderCompiler.exe after 0.10 seconds
Refreshing native plugins compatible for Editor in 2.09 ms, found 9 plugins.
Preloading 0 native plugins for Editor in 0.00 ms.
Unloading 6824 Unused Serialized files (Serialized files now loaded: 0)
Unloading 111 unused Assets / (3.9 MB). Loaded Objects now: 7256.
Memory consumption went from 284.2 MB to 280.3 MB.
Total: 8.192500 ms (FindLiveObjects: 0.832400 ms CreateObjectMapping: 0.930800 ms MarkObjects: 5.188100 ms  DeleteObjects: 1.239600 ms)

AssetImportParameters requested are different than current active one (requested -> active):
  custom:video-decoder-ogg-theora: a1e56fd34408186e4bbccfd4996cb3dc -> 
  custom:container-muxer-webm: aa71ff27fc2769a1b78a27578f13a17b -> 
  custom:container-demuxer-webm: 4f35f7cbe854078d1ac9338744f61a02 -> 
  custom:video-encoder-webm-vp8: eb34c28f22e8b96e1ab97ce403110664 -> 
  custom:audio-encoder-webm-vorbis: bf7c407c2cedff20999df2af8eb42d56 -> 
  custom:framework-win-MediaFoundation: 216162199b28c13a410421893ffa2e32 -> 
  custom:container-demuxer-ogg: 62fdf1f143b41e24485cea50d1cbac27 -> 
  custom:video-decoder-webm-vp8: 9c59270c3fd7afecdb556c50c9e8de78 -> 
  custom:audio-decoder-ogg-vorbis: bf7c407c2cedff20999df2af8eb42d56 -> 
========================================================================
Received Import Request.
  Time since last request: 2282.317273 seconds.
  path: Assets/New Terrain.asset
  artifactKey: Guid(260de70dd407cae40993c3f3879041cb) Importer(815301076,1909f56bfc062723c751e8b465ee728b)
Start importing Assets/New Terrain.asset using Guid(260de70dd407cae40993c3f3879041cb) Importer(815301076,1909f56bfc062723c751e8b465ee728b)  -> (artifact id: 'c232238d9e214d7f357fda69659125ab') in 0.129201 seconds 
========================================================================
Received Import Request.
  Time since last request: 0.000025 seconds.
  path: Assets/TerrainData_68bc6d0d-fc16-429e-95d2-9cf12b63496e.asset
  artifactKey: Guid(a92ceca362878b644a09ac9aebf13c2e) Importer(815301076,1909f56bfc062723c751e8b465ee728b)
Start importing Assets/TerrainData_68bc6d0d-fc16-429e-95d2-9cf12b63496e.asset using Guid(a92ceca362878b644a09ac9aebf13c2e) Importer(815301076,1909f56bfc062723c751e8b465ee728b)  -> (artifact id: '0c335662839d23c58f2bd81d5f479f0e') in 0.010646 seconds 
========================================================================
Received Import Request.
  Time since last request: 3878.330979 seconds.
  path: Assets/01_Prefabs/Grass0.prefab
  artifactKey: Guid(e1728bf0339fcca4cb6a5f8530ba3f08) Importer(815301076,1909f56bfc062723c751e8b465ee728b)
Start importing Assets/01_Prefabs/Grass0.prefab using Guid(e1728bf0339fcca4cb6a5f8530ba3f08) Importer(815301076,1909f56bfc062723c751e8b465ee728b)  -> (artifact id: '9420e1e387fe3df8120efb6870b60cd5') in 0.558845 seconds 
========================================================================
Received Import Request.
  Time since last request: 0.000029 seconds.
  path: Assets/01_Prefabs/Point Light.prefab
  artifactKey: Guid(c368c042265865947b2ab34fae525f99) Importer(815301076,1909f56bfc062723c751e8b465ee728b)
Start importing Assets/01_Prefabs/Point Light.prefab using Guid(c368c042265865947b2ab34fae525f99) Importer(815301076,1909f56bfc062723c751e8b465ee728b)  -> (artifact id: 'c74700b086ee6a2475fcd694c3bd6222') in 0.010671 seconds 
========================================================================
Received Import Request.
  Time since last request: 0.000031 seconds.
  path: Assets/01_Prefabs/Grass1.prefab
  artifactKey: Guid(4b41e6d0ed3d5ef43bed4d360a8ce719) Importer(815301076,1909f56bfc062723c751e8b465ee728b)
Start importing Assets/01_Prefabs/Grass1.prefab using Guid(4b41e6d0ed3d5ef43bed4d360a8ce719) Importer(815301076,1909f56bfc062723c751e8b465ee728b)  -> (artifact id: '3bcaf5eb834b00c283bc7b02df1146b4') in 0.033735 seconds 
========================================================================
Received Import Request.
  Time since last request: 0.000025 seconds.
  path: Assets/01_Prefabs/Tree.prefab
  artifactKey: Guid(35672a219dcfb4f47a9763f9e9091327) Importer(815301076,1909f56bfc062723c751e8b465ee728b)
Start importing Assets/01_Prefabs/Tree.prefab using Guid(35672a219dcfb4f47a9763f9e9091327) Importer(815301076,1909f56bfc062723c751e8b465ee728b)  -> (artifact id: '92f64b9a94ce134f21f6f4aabda6f8b1') in 0.047870 seconds 
========================================================================
Received Import Request.
  Time since last request: 0.000021 seconds.
  path: Assets/01_Prefabs/Water.prefab
  artifactKey: Guid(23007e456be0b414ba03268839f056f2) Importer(815301076,1909f56bfc062723c751e8b465ee728b)
Start importing Assets/01_Prefabs/Water.prefab using Guid(23007e456be0b414ba03268839f056f2) Importer(815301076,1909f56bfc062723c751e8b465ee728b)  -> (artifact id: '882196d7bbb0bde02fdb2c640a21ff52') in 0.040594 seconds 
========================================================================
Received Import Request.
  Time since last request: 0.000022 seconds.
  path: Assets/01_Prefabs/VFX_Fire.prefab
  artifactKey: Guid(c4ef8dee90ef4cd4498e14d232669a24) Importer(815301076,1909f56bfc062723c751e8b465ee728b)
Start importing Assets/01_Prefabs/VFX_Fire.prefab using Guid(c4ef8dee90ef4cd4498e14d232669a24) Importer(815301076,1909f56bfc062723c751e8b465ee728b)  -> (artifact id: '15294082127e55f10b512519bf5348e8') in 0.054879 seconds 
========================================================================
Received Import Request.
  Time since last request: 297.561547 seconds.
  path: Assets/11_Textures/Leaf.png
  artifactKey: Guid(7f2959fa75e95a34b832bd509d6c297c) Importer(815301076,1909f56bfc062723c751e8b465ee728b)
Start importing Assets/11_Textures/Leaf.png using Guid(7f2959fa75e95a34b832bd509d6c297c) Importer(815301076,1909f56bfc062723c751e8b465ee728b)  -> (artifact id: '8cfa18e8f051a448e5c17a81a94da605') in 0.032790 seconds 
========================================================================
Received Import Request.
  Time since last request: 0.000039 seconds.
  path: Assets/11_Textures/Water_N.jpg
  artifactKey: Guid(689dda44930f68c41a41a843db799cc3) Importer(815301076,1909f56bfc062723c751e8b465ee728b)
Start importing Assets/11_Textures/Water_N.jpg using Guid(689dda44930f68c41a41a843db799cc3) Importer(815301076,1909f56bfc062723c751e8b465ee728b)  -> (artifact id: 'e475c1a69cef88b0c034bf5a52514164') in 0.026026 seconds 
========================================================================
Received Import Request.
  Time since last request: 0.000040 seconds.
  path: Assets/11_Textures/Leaf2.png
  artifactKey: Guid(52310f6065a67684db6c249b3d5725b9) Importer(815301076,1909f56bfc062723c751e8b465ee728b)
Start importing Assets/11_Textures/Leaf2.png using Guid(52310f6065a67684db6c249b3d5725b9) Importer(815301076,1909f56bfc062723c751e8b465ee728b)  -> (artifact id: '51515a141ecfa5c416dbf2ac825a2a2c') in 0.018586 seconds 
========================================================================
Received Import Request.
  Time since last request: 9599.783615 seconds.
  path: Assets/10_Models/Whitebox/Fence.fbx
  artifactKey: Guid(a0a9586a5c137e243a5410b0cab2057e) Importer(815301076,1909f56bfc062723c751e8b465ee728b)
Start importing Assets/10_Models/Whitebox/Fence.fbx using Guid(a0a9586a5c137e243a5410b0cab2057e) Importer(815301076,1909f56bfc062723c751e8b465ee728b)  -> (artifact id: 'ea3cd681232c74586fa9e833fa368a60') in 0.515569 seconds 
========================================================================
Received Import Request.
  Time since last request: 0.000083 seconds.
  path: Assets/10_Models/Whitebox/Test3.fbx
  artifactKey: Guid(faa07233ff697b840bc4887e6e522c1d) Importer(815301076,1909f56bfc062723c751e8b465ee728b)
Start importing Assets/10_Models/Whitebox/Test3.fbx using Guid(faa07233ff697b840bc4887e6e522c1d) Importer(815301076,1909f56bfc062723c751e8b465ee728b)  -> (artifact id: '52d546928c0c348407987338916fb8b5') in 0.035875 seconds 
========================================================================
Received Import Request.
  Time since last request: 0.000056 seconds.
  path: Assets/10_Models/Whitebox/Test2.fbx
  artifactKey: Guid(89ae873de5282eb4ca6cc0daf662b230) Importer(815301076,1909f56bfc062723c751e8b465ee728b)
Start importing Assets/10_Models/Whitebox/Test2.fbx using Guid(89ae873de5282eb4ca6cc0daf662b230) Importer(815301076,1909f56bfc062723c751e8b465ee728b)  -> (artifact id: '5c652b0f3c455f92c304cfabec6c5fd1') in 0.184004 seconds 
========================================================================
Received Import Request.
  Time since last request: 0.000036 seconds.
  path: Assets/10_Models/Whitebox/Pillar.fbx
  artifactKey: Guid(5e2f9d4d5b6d6fe4fbef76b7f90541c5) Importer(815301076,1909f56bfc062723c751e8b465ee728b)
Start importing Assets/10_Models/Whitebox/Pillar.fbx using Guid(5e2f9d4d5b6d6fe4fbef76b7f90541c5) Importer(815301076,1909f56bfc062723c751e8b465ee728b)  -> (artifact id: '9b459bd0993fe8d600fc24ddb8a86cd4') in 0.040436 seconds 
========================================================================
Received Import Request.
  Time since last request: 0.000036 seconds.
  path: Assets/10_Models/Whitebox/WaterHut.fbx
  artifactKey: Guid(f240ef6838d6e8f4c98a23f551f453c7) Importer(815301076,1909f56bfc062723c751e8b465ee728b)
Start importing Assets/10_Models/Whitebox/WaterHut.fbx using Guid(f240ef6838d6e8f4c98a23f551f453c7) Importer(815301076,1909f56bfc062723c751e8b465ee728b)  -> (artifact id: 'aaf3131a3d043ff668682b616ad2b5f2') in 1.568144 seconds 
========================================================================
Received Import Request.
  Time since last request: 372.435742 seconds.
  path: Assets/01_Prefabs/Water.prefab
  artifactKey: Guid(23007e456be0b414ba03268839f056f2) Importer(815301076,1909f56bfc062723c751e8b465ee728b)
Start importing Assets/01_Prefabs/Water.prefab using Guid(23007e456be0b414ba03268839f056f2) Importer(815301076,1909f56bfc062723c751e8b465ee728b)  -> (artifact id: 'bbcceba2a473c262a6a4c601bbfa0995') in 0.034610 seconds 
